0 info it worked if it ends with ok
1 verbose cli [ '/usr/bin/nodejs', '/usr/bin/npm', 'run', 'start' ]
2 info using npm@3.5.2
3 info using node@v4.2.6
4 verbose run-script [ 'prestart', 'start', 'poststart' ]
5 info lifecycle turbo-engine@~prestart: turbo-engine@
6 silly lifecycle turbo-engine@~prestart: no script for prestart, continuing
7 info lifecycle turbo-engine@~start: turbo-engine@
8 verbose lifecycle turbo-engine@~start: unsafe-perm in lifecycle true
9 verbose lifecycle turbo-engine@~start: PATH: /usr/share/npm/bin/node-gyp-bin:/home/carlos/Escritorio/Proyecto Turbo-engine/turbo-engine definitive/turbo-engine/node_modules/.bin:/home/carlos/bin:/home/carlos/.local/bin:/home/carlos/.cabal/bin:/home/carlos/.ghcup/bin:/home/carlos/.cabal/bin:/home/carlos/.ghcup/bin:/home/carlos/bin:/home/carlos/.local/bin:/usr/local/sbin:/usr/local/bin:/usr/sbin:/usr/bin:/sbin:/bin:/usr/games:/usr/local/games
10 verbose lifecycle turbo-engine@~start: CWD: /home/carlos/Escritorio/Proyecto Turbo-engine/turbo-engine definitive/turbo-engine
11 silly lifecycle turbo-engine@~start: Args: [ '-c', 'meteor run' ]
12 silly lifecycle turbo-engine@~start: Returned: code: 254  signal: null
13 info lifecycle turbo-engine@~start: Failed to exec start script
14 verbose stack Error: turbo-engine@ start: `meteor run`
14 verbose stack Exit status 254
14 verbose stack     at EventEmitter.<anonymous> (/usr/share/npm/lib/utils/lifecycle.js:232:16)
14 verbose stack     at emitTwo (events.js:87:13)
14 verbose stack     at EventEmitter.emit (events.js:172:7)
14 verbose stack     at ChildProcess.<anonymous> (/usr/share/npm/lib/utils/spawn.js:24:14)
14 verbose stack     at emitTwo (events.js:87:13)
14 verbose stack     at ChildProcess.emit (events.js:172:7)
14 verbose stack     at maybeClose (internal/child_process.js:821:16)
14 verbose stack     at Process.ChildProcess._handle.onexit (internal/child_process.js:211:5)
15 verbose pkgid turbo-engine@
16 verbose cwd /home/carlos/Escritorio/Proyecto Turbo-engine/turbo-engine definitive/turbo-engine
17 error Linux 4.13.0-38-generic
18 error argv "/usr/bin/nodejs" "/usr/bin/npm" "run" "start"
19 error node v4.2.6
20 error npm  v3.5.2
21 error code ELIFECYCLE
22 error turbo-engine@ start: `meteor run`
22 error Exit status 254
23 error Failed at the turbo-engine@ start script 'meteor run'.
23 error Make sure you have the latest version of node.js and npm installed.
23 error If you do, this is most likely a problem with the turbo-engine package,
23 error not with npm itself.
23 error Tell the author that this fails on your system:
23 error     meteor run
23 error You can get information on how to open an issue for this project with:
23 error     npm bugs turbo-engine
23 error Or if that isn't available, you can get their info via:
23 error     npm owner ls turbo-engine
23 error There is likely additional logging output above.
24 verbose exit [ 1, true ]
